<?xml version="1.0" encoding="UTF-8"?>
<!-- Generated by org.testng.reporters.JUnitReportReporter -->
<testsuite hostname="ASDP1501PO01976" name="com.qait.demo.tests.TestLevel1_SnapDeal_Selenium_Imported_From_IDE_Broken_Needs_To_Be_Fixed" tests="1" failures="0" timestamp="3 Nov 2016 10:19:10 GMT" time="20.446" errors="0">
  <testcase name="testECommerceSite" time="20.446" classname="com.qait.demo.tests.TestLevel1_SnapDeal_Selenium_Imported_From_IDE_Broken_Needs_To_Be_Fixed"/>
</testsuite> <!-- com.qait.demo.tests.TestLevel1_SnapDeal_Selenium_Imported_From_IDE_Broken_Needs_To_Be_Fixed -->
